<?xml version="1.0" encoding="utf-8"?><testsuites name="pytest tests"><testsuite name="pytest" errors="0" failures="0" skipped="0" tests="56" time="13.935" timestamp="2026-09-23T11:42:52.493301+08:00" hostname="DESKTOP-F25E283"><testcase classname="tests.test_causal_rollout" name="test_causal_rollout_calls_p_once_samples_one_action_and_ignores_masked_payload" time="0.067" /><testcase classname="tests.test_e7_config" name="test_default_config_is_dense_e7_with_repaint_off" time="0.004" /><testcase classname="tests.test_e7_config" name="test_non_e7_model_is_rejected" time="0.001" /><testcase classname="tests.test_e7_module" name="test_lightning_train_validation_ema_and_sampling" time="2.556" /><testcase classname="tests.test_fixed_shape_fk" name="test_fk_uses_bootstrap_shape_and_predicted_pelvis_only" time="0.008" /><testcase classname="tests.test_history_codec" name="test_dense_roundtrip_and_reanchoring_preserve_physical_states" time="0.007" /><testcase classname="tests.test_history_codec" name="test_target_delta_corrects_predicted_history_offset" time="0.003" /><testcase classname="tests.test_history_codec" name="test_physical_continuation_has_identity_delta" time="0.002" /><testcase classname="tests.test_history_codec" name="test_180_degree_heading_is_finite_and_correct" time="0.001" /><testcase classname="tests.test_history_codec" name="test_unavailable_sensor_cannot_affect_condition" time="0.002" /><testcase classname="tests.test_history_codec" name="test_degenerate_rotation_is_rejected" time="0.002" /><testcase classname="tests.test_history_codec" name="test_large_finite_rotation_code_is_not_confused_with_degenerate_axes" time="0.001" /><testcase classname="tests.test_history_codec" name="test_constant_velocity_extrapolates_so3_and_translation" time="0.003" /><testcase classname="tests.test_history_codec" name="test_offline_contact_calibration_does_not_change_body_coordinates" time="0.002" /><testcase classname="tests.test_history_interfaces" name="test_action_bits_and_missing_equivalence" time="0.001" /><testcase classname="tests.test_history_interfaces" name="test_real_backbone_training_and_new_branch_gradients" time="0.704" /><testcase classname="tests.test_history_interfaces" name="test_masked_payload_cannot_change_output_or_poison_gradients[1-masked_fields0]" time="0.615" /><testcase classname="tests.test_history_interfaces" name="test_masked_payload_cannot_change_output_or_poison_gradients[2-masked_fields1]" time="0.723" /><testcase classname="tests.test_history_interfaces" name="test_masked_payload_cannot_change_output_or_poison_gradients[3-masked_fields2]" time="0.626" /><testcase classname="tests.test_history_interfaces" name="test_kept_observations_and_history_are_used" time="0.397" /><testcase classname="tests.test_history_interfaces" name="test_padding_does_not_leak_and_no_sensors_still_predicts" time="0.194" /><testcase classname="tests.test_history_interfaces" name="test_single_frame_euler_keeps_history_mu_masks_and_noise_fixed" time="0.980" /><testcase classname="tests.test_history_interfaces" name="test_sources_share_mu_and_generator_is_reproducible" time="0.001" /><testcase classname="tests.test_history_interfaces" name="test_current_loss_weighting_and_unlabelled_nan_targets" time="0.002" /><testcase classname="tests.test_history_interfaces" name="test_invalid_conditioning_fails_early[long_loss]" time="0.001" /><testcase classname="tests.test_history_interfaces" name="test_invalid_conditioning_fails_early[long_current]" time="0.001" /><testcase classname="tests.test_history_interfaces" name="test_invalid_conditioning_fails_early[extra_gt]" time="0.001" /><testcase classname="tests.test_history_interfaces" name="test_invalid_conditioning_fails_early[kept_nan]" time="0.001" /><testcase classname="tests.test_history_interfaces" name="test_invalid_conditioning_fails_early[invalid_loss]" time="0.001" /><testcase classname="tests.test_history_interfaces" name="test_invalid_conditioning_fails_early[soft_mask]" time="0.001" /><testcase classname="tests.test_history_interfaces" name="test_unsupported_cfg_repaint_and_training_mode_sampling" time="0.003" /><testcase classname="tests.test_history_interfaces" name="test_checkpoint_migration_raw_lightning_and_ema" time="2.913" /><testcase classname="tests.test_history_state_and_policy" name="test_history_commits_once_and_candidates_have_no_side_effects" time="0.023" /><testcase classname="tests.test_history_state_and_policy" name="test_frozen_prior_stays_deterministic_after_parent_train" time="0.010" /><testcase classname="tests.test_history_state_and_policy" name="test_q_missing_payload_isolation_and_action_canonicalization" time="0.009" /><testcase classname="tests.test_history_state_and_policy" name="test_offline_gains_use_one_shared_source_and_leave_inputs_unchanged" time="0.006" /><testcase classname="tests.test_planar_reference_and_loss" name="test_bootstrap_and_long_commit_keep_reference_planar_but_body_three_dimensional" time="0.177" /><testcase classname="tests.test_planar_reference_and_loss" name="test_planar_reanchoring_keeps_world_body_and_legacy_preserves_old_se3" time="0.004" /><testcase classname="tests.test_planar_reference_and_loss" name="test_physical_loss_has_finite_gradients_and_penalizes_world_translation" time="0.004" /><testcase classname="tests.test_repaint" name="test_disabled_is_bitwise_baseline_and_does_not_mutate_inputs" time="0.003" /><testcase classname="tests.test_repaint" name="test_enabled_follows_path_on_every_model_call_and_output" time="0.005" /><testcase classname="tests.test_repaint" name="test_per_call_override_and_no_history" time="0.003" /><testcase classname="tests.test_repaint" name="test_full_mask_and_returned_clean_estimates" time="0.002" /><testcase classname="tests.test_repaint" name="test_invalid_enabled_constraints_fail[missing_mask]" time="0.001" /><testcase classname="tests.test_repaint" name="test_invalid_enabled_constraints_fail[missing_value]" time="0.001" /><testcase classname="tests.test_repaint" name="test_invalid_enabled_constraints_fail[shape]" time="0.001" /><testcase classname="tests.test_repaint" name="test_invalid_enabled_constraints_fail[soft_mask]" time="0.001" /><testcase classname="tests.test_repaint" name="test_invalid_enabled_constraints_fail[nan_value]" time="0.001" /><testcase classname="tests.test_repaint" name="test_switch_off_ignores_even_stale_constraints" time="0.001" /><testcase classname="tests.test_repaint" name="test_training_constraints_are_not_silently_used" time="0.001" /><testcase classname="tests.test_repaint" name="test_weighted_loss_and_padding" time="0.001" /><testcase classname="tests.test_repaint" name="test_oracle_euler_recovers_clean_motion" time="0.001" /><testcase classname="tests.test_replay_training" name="test_replay_rejects_dev_takes_and_incompatible_coordinate_conventions" time="0.006" /><testcase classname="tests.test_replay_training" name="test_replay_mixes_complete_rows_and_is_paired_by_explicit_generator" time="0.002" /><testcase classname="tests.test_smplx_evaluation" name="test_saved_predictions_flow_through_fk_and_paper_geometry_metrics" time="0.009" /><testcase classname="tests.test_smplx_evaluation" name="test_incompatible_gt_asset_or_tampered_prediction_is_rejected" time="0.004" /></testsuite></testsuites>